{"C:\\Users\\user\\Desktop\\EventoPlanners\\frontend\\src\\components\\ConfirmDialog.jsx": {"path":"C:\\Users\\user\\Desktop\\EventoPlanners\\frontend\\src\\components\\ConfirmDialog.jsx","statementMap":{"0":{"start":{"line":13,"column":2},"end":{"line":13,"column":25}},"1":{"start":{"line":13,"column":13},"end":{"line":13,"column":25}},"2":{"start":{"line":15,"column":2},"end":{"line":43,"column":4}}},"fnMap":{"0":{"name":"ConfirmDialog","decl":{"start":{"line":3,"column":24},"end":{"line":3,"column":37}},"loc":{"start":{"line":12,"column":3},"end":{"line":44,"column":1}},"line":12}},"branchMap":{"0":{"loc":{"start":{"line":7,"column":2},"end":{"line":7,"column":26}},"type":"default-arg","locations":[{"start":{"line":7,"column":17},"end":{"line":7,"column":26}}],"line":7},"1":{"loc":{"start":{"line":8,"column":2},"end":{"line":8,"column":16}},"type":"default-arg","locations":[{"start":{"line":8,"column":11},"end":{"line":8,"column":16}}],"line":8},"2":{"loc":{"start":{"line":9,"column":2},"end":{"line":9,"column":14}},"type":"default-arg","locations":[{"start":{"line":9,"column":9},"end":{"line":9,"column":14}}],"line":9},"3":{"loc":{"start":{"line":13,"column":2},"end":{"line":13,"column":25}},"type":"if","locations":[{"start":{"line":13,"column":2},"end":{"line":13,"column":25}},{"start":{},"end":{}}],"line":13},"4":{"loc":{"start":{"line":36,"column":94},"end":{"line":36,"column":170}},"type":"cond-expr","locations":[{"start":{"line":36,"column":103},"end":{"line":36,"column":132}},{"start":{"line":36,"column":135},"end":{"line":36,"column":170}}],"line":36},"5":{"loc":{"start":{"line":38,"column":13},"end":{"line":38,"column":51}},"type":"cond-expr","locations":[{"start":{"line":38,"column":20},"end":{"line":38,"column":36}},{"start":{"line":38,"column":39},"end":{"line":38,"column":51}}],"line":38}},"s":{"0":0,"1":0,"2":0},"f":{"0":0},"b":{"0":[0],"1":[0],"2":[0],"3":[0,0],"4":[0,0],"5":[0,0]}}
,"C:\\Users\\user\\Desktop\\EventoPlanners\\frontend\\src\\components\\EventFormModal.jsx": {"path":"C:\\Users\\user\\Desktop\\EventoPlanners\\frontend\\src\\components\\EventFormModal.jsx","statementMap":{"0":{"start":{"line":4,"column":18},"end":{"line":14,"column":1}},"1":{"start":{"line":17,"column":2},"end":{"line":17,"column":31}},"2":{"start":{"line":17,"column":14},"end":{"line":17,"column":31}},"3":{"start":{"line":18,"column":2},"end":{"line":28,"column":4}},"4":{"start":{"line":32,"column":26},"end":{"line":32,"column":45}},"5":{"start":{"line":33,"column":42},"end":{"line":33,"column":54}},"6":{"start":{"line":35,"column":2},"end":{"line":40,"column":20}},"7":{"start":{"line":36,"column":4},"end":{"line":39,"column":5}},"8":{"start":{"line":37,"column":6},"end":{"line":37,"column":29}},"9":{"start":{"line":38,"column":6},"end":{"line":38,"column":26}},"10":{"start":{"line":42,"column":2},"end":{"line":42,"column":25}},"11":{"start":{"line":42,"column":13},"end":{"line":42,"column":25}},"12":{"start":{"line":44,"column":19},"end":{"line":44,"column":91}},"13":{"start":{"line":44,"column":37},"end":{"line":44,"column":91}},"14":{"start":{"line":44,"column":59},"end":{"line":44,"column":89}},"15":{"start":{"line":46,"column":19},"end":{"line":62,"column":3}},"16":{"start":{"line":47,"column":19},"end":{"line":47,"column":21}},"17":{"start":{"line":48,"column":4},"end":{"line":48,"column":64}},"18":{"start":{"line":48,"column":28},"end":{"line":48,"column":64}},"19":{"start":{"line":49,"column":4},"end":{"line":49,"column":82}},"20":{"start":{"line":49,"column":34},"end":{"line":49,"column":82}},"21":{"start":{"line":50,"column":4},"end":{"line":50,"column":64}},"22":{"start":{"line":50,"column":28},"end":{"line":50,"column":64}},"23":{"start":{"line":51,"column":4},"end":{"line":51,"column":72}},"24":{"start":{"line":51,"column":26},"end":{"line":51,"column":72}},"25":{"start":{"line":52,"column":4},"end":{"line":52,"column":72}},"26":{"start":{"line":52,"column":26},"end":{"line":52,"column":72}},"27":{"start":{"line":54,"column":16},"end":{"line":54,"column":45}},"28":{"start":{"line":55,"column":4},"end":{"line":55,"column":110}},"29":{"start":{"line":55,"column":56},"end":{"line":55,"column":110}},"30":{"start":{"line":57,"column":21},"end":{"line":57,"column":42}},"31":{"start":{"line":58,"column":4},"end":{"line":58,"column":121}},"32":{"start":{"line":58,"column":71},"end":{"line":58,"column":121}},"33":{"start":{"line":60,"column":4},"end":{"line":60,"column":28}},"34":{"start":{"line":61,"column":4},"end":{"line":61,"column":44}},"35":{"start":{"line":64,"column":23},"end":{"line":74,"column":3}},"36":{"start":{"line":65,"column":4},"end":{"line":65,"column":23}},"37":{"start":{"line":66,"column":4},"end":{"line":66,"column":28}},"38":{"start":{"line":66,"column":21},"end":{"line":66,"column":28}},"39":{"start":{"line":68,"column":4},"end":{"line":73,"column":7}},"40":{"start":{"line":76,"column":17},"end":{"line":76,"column":53}},"41":{"start":{"line":77,"column":21},"end":{"line":77,"column":188}},"42":{"start":{"line":79,"column":2},"end":{"line":163,"column":4}},"43":{"start":{"line":96,"column":55},"end":{"line":96,"column":88}},"44":{"start":{"line":102,"column":64},"end":{"line":102,"column":103}},"45":{"start":{"line":108,"column":55},"end":{"line":108,"column":88}},"46":{"start":{"line":114,"column":72},"end":{"line":114,"column":110}},"47":{"start":{"line":120,"column":72},"end":{"line":120,"column":110}},"48":{"start":{"line":126,"column":111},"end":{"line":126,"column":155}},"49":{"start":{"line":132,"column":99},"end":{"line":132,"column":135}},"50":{"start":{"line":138,"column":57},"end":{"line":138,"column":91}},"51":{"start":{"line":148,"column":59},"end":{"line":148,"column":96}}},"fnMap":{"0":{"name":"toForm","decl":{"start":{"line":16,"column":9},"end":{"line":16,"column":15}},"loc":{"start":{"line":16,"column":23},"end":{"line":29,"column":1}},"line":16},"1":{"name":"EventFormModal","decl":{"start":{"line":31,"column":24},"end":{"line":31,"column":38}},"loc":{"start":{"line":31,"column":100},"end":{"line":164,"column":1}},"line":31},"2":{"name":"(anonymous_2)","decl":{"start":{"line":35,"column":12},"end":{"line":35,"column":13}},"loc":{"start":{"line":35,"column":18},"end":{"line":40,"column":3}},"line":35},"3":{"name":"(anonymous_3)","decl":{"start":{"line":44,"column":19},"end":{"line":44,"column":20}},"loc":{"start":{"line":44,"column":37},"end":{"line":44,"column":91}},"line":44},"4":{"name":"(anonymous_4)","decl":{"start":{"line":44,"column":45},"end":{"line":44,"column":46}},"loc":{"start":{"line":44,"column":59},"end":{"line":44,"column":89}},"line":44},"5":{"name":"(anonymous_5)","decl":{"start":{"line":46,"column":19},"end":{"line":46,"column":20}},"loc":{"start":{"line":46,"column":25},"end":{"line":62,"column":3}},"line":46},"6":{"name":"(anonymous_6)","decl":{"start":{"line":64,"column":23},"end":{"line":64,"column":24}},"loc":{"start":{"line":64,"column":30},"end":{"line":74,"column":3}},"line":64},"7":{"name":"(anonymous_7)","decl":{"start":{"line":96,"column":48},"end":{"line":96,"column":49}},"loc":{"start":{"line":96,"column":55},"end":{"line":96,"column":88}},"line":96},"8":{"name":"(anonymous_8)","decl":{"start":{"line":102,"column":57},"end":{"line":102,"column":58}},"loc":{"start":{"line":102,"column":64},"end":{"line":102,"column":103}},"line":102},"9":{"name":"(anonymous_9)","decl":{"start":{"line":108,"column":48},"end":{"line":108,"column":49}},"loc":{"start":{"line":108,"column":55},"end":{"line":108,"column":88}},"line":108},"10":{"name":"(anonymous_10)","decl":{"start":{"line":114,"column":65},"end":{"line":114,"column":66}},"loc":{"start":{"line":114,"column":72},"end":{"line":114,"column":110}},"line":114},"11":{"name":"(anonymous_11)","decl":{"start":{"line":120,"column":65},"end":{"line":120,"column":66}},"loc":{"start":{"line":120,"column":72},"end":{"line":120,"column":110}},"line":120},"12":{"name":"(anonymous_12)","decl":{"start":{"line":126,"column":104},"end":{"line":126,"column":105}},"loc":{"start":{"line":126,"column":111},"end":{"line":126,"column":155}},"line":126},"13":{"name":"(anonymous_13)","decl":{"start":{"line":132,"column":92},"end":{"line":132,"column":93}},"loc":{"start":{"line":132,"column":99},"end":{"line":132,"column":135}},"line":132},"14":{"name":"(anonymous_14)","decl":{"start":{"line":138,"column":50},"end":{"line":138,"column":51}},"loc":{"start":{"line":138,"column":57},"end":{"line":138,"column":91}},"line":138},"15":{"name":"(anonymous_15)","decl":{"start":{"line":148,"column":52},"end":{"line":148,"column":53}},"loc":{"start":{"line":148,"column":59},"end":{"line":148,"column":96}},"line":148}},"branchMap":{"0":{"loc":{"start":{"line":17,"column":2},"end":{"line":17,"column":31}},"type":"if","locations":[{"start":{"line":17,"column":2},"end":{"line":17,"column":31}},{"start":{},"end":{}}],"line":17},"1":{"loc":{"start":{"line":19,"column":11},"end":{"line":19,"column":28}},"type":"binary-expr","locations":[{"start":{"line":19,"column":11},"end":{"line":19,"column":22}},{"start":{"line":19,"column":26},"end":{"line":19,"column":28}}],"line":19},"2":{"loc":{"start":{"line":20,"column":17},"end":{"line":20,"column":40}},"type":"binary-expr","locations":[{"start":{"line":20,"column":17},"end":{"line":20,"column":34}},{"start":{"line":20,"column":38},"end":{"line":20,"column":40}}],"line":20},"3":{"loc":{"start":{"line":21,"column":11},"end":{"line":21,"column":28}},"type":"binary-expr","locations":[{"start":{"line":21,"column":11},"end":{"line":21,"column":22}},{"start":{"line":21,"column":26},"end":{"line":21,"column":28}}],"line":21},"4":{"loc":{"start":{"line":22,"column":23},"end":{"line":22,"column":45}},"type":"binary-expr","locations":[{"start":{"line":22,"column":23},"end":{"line":22,"column":39}},{"start":{"line":22,"column":43},"end":{"line":22,"column":45}}],"line":22},"5":{"loc":{"start":{"line":23,"column":23},"end":{"line":23,"column":45}},"type":"binary-expr","locations":[{"start":{"line":23,"column":23},"end":{"line":23,"column":39}},{"start":{"line":23,"column":43},"end":{"line":23,"column":45}}],"line":23},"6":{"loc":{"start":{"line":24,"column":29},"end":{"line":24,"column":61}},"type":"binary-expr","locations":[{"start":{"line":24,"column":29},"end":{"line":24,"column":51}},{"start":{"line":24,"column":55},"end":{"line":24,"column":61}}],"line":24},"7":{"loc":{"start":{"line":25,"column":21},"end":{"line":25,"column":42}},"type":"binary-expr","locations":[{"start":{"line":25,"column":21},"end":{"line":25,"column":35}},{"start":{"line":25,"column":39},"end":{"line":25,"column":42}}],"line":25},"8":{"loc":{"start":{"line":26,"column":12},"end":{"line":26,"column":35}},"type":"binary-expr","locations":[{"start":{"line":26,"column":12},"end":{"line":26,"column":24}},{"start":{"line":26,"column":28},"end":{"line":26,"column":35}}],"line":26},"9":{"loc":{"start":{"line":27,"column":15},"end":{"line":27,"column":36}},"type":"binary-expr","locations":[{"start":{"line":27,"column":15},"end":{"line":27,"column":30}},{"start":{"line":27,"column":34},"end":{"line":27,"column":36}}],"line":27},"10":{"loc":{"start":{"line":31,"column":60},"end":{"line":31,"column":77}},"type":"default-arg","locations":[{"start":{"line":31,"column":75},"end":{"line":31,"column":77}}],"line":31},"11":{"loc":{"start":{"line":36,"column":4},"end":{"line":39,"column":5}},"type":"if","locations":[{"start":{"line":36,"column":4},"end":{"line":39,"column":5}},{"start":{},"end":{}}],"line":36},"12":{"loc":{"start":{"line":42,"column":2},"end":{"line":42,"column":25}},"type":"if","locations":[{"start":{"line":42,"column":2},"end":{"line":42,"column":25}},{"start":{},"end":{}}],"line":42},"13":{"loc":{"start":{"line":48,"column":4},"end":{"line":48,"column":64}},"type":"if","locations":[{"start":{"line":48,"column":4},"end":{"line":48,"column":64}},{"start":{},"end":{}}],"line":48},"14":{"loc":{"start":{"line":49,"column":4},"end":{"line":49,"column":82}},"type":"if","locations":[{"start":{"line":49,"column":4},"end":{"line":49,"column":82}},{"start":{},"end":{}}],"line":49},"15":{"loc":{"start":{"line":50,"column":4},"end":{"line":50,"column":64}},"type":"if","locations":[{"start":{"line":50,"column":4},"end":{"line":50,"column":64}},{"start":{},"end":{}}],"line":50},"16":{"loc":{"start":{"line":51,"column":4},"end":{"line":51,"column":72}},"type":"if","locations":[{"start":{"line":51,"column":4},"end":{"line":51,"column":72}},{"start":{},"end":{}}],"line":51},"17":{"loc":{"start":{"line":52,"column":4},"end":{"line":52,"column":72}},"type":"if","locations":[{"start":{"line":52,"column":4},"end":{"line":52,"column":72}},{"start":{},"end":{}}],"line":52},"18":{"loc":{"start":{"line":55,"column":4},"end":{"line":55,"column":110}},"type":"if","locations":[{"start":{"line":55,"column":4},"end":{"line":55,"column":110}},{"start":{},"end":{}}],"line":55},"19":{"loc":{"start":{"line":55,"column":8},"end":{"line":55,"column":54}},"type":"binary-expr","locations":[{"start":{"line":55,"column":8},"end":{"line":55,"column":29}},{"start":{"line":55,"column":33},"end":{"line":55,"column":40}},{"start":{"line":55,"column":44},"end":{"line":55,"column":54}}],"line":55},"20":{"loc":{"start":{"line":58,"column":4},"end":{"line":58,"column":121}},"type":"if","locations":[{"start":{"line":58,"column":4},"end":{"line":58,"column":121}},{"start":{},"end":{}}],"line":58},"21":{"loc":{"start":{"line":58,"column":8},"end":{"line":58,"column":69}},"type":"binary-expr","locations":[{"start":{"line":58,"column":8},"end":{"line":58,"column":35}},{"start":{"line":58,"column":39},"end":{"line":58,"column":51}},{"start":{"line":58,"column":55},"end":{"line":58,"column":69}}],"line":58},"22":{"loc":{"start":{"line":66,"column":4},"end":{"line":66,"column":28}},"type":"if","locations":[{"start":{"line":66,"column":4},"end":{"line":66,"column":28}},{"start":{},"end":{}}],"line":66},"23":{"loc":{"start":{"line":72,"column":17},"end":{"line":72,"column":46}},"type":"binary-expr","locations":[{"start":{"line":72,"column":17},"end":{"line":72,"column":38}},{"start":{"line":72,"column":42},"end":{"line":72,"column":46}}],"line":72},"24":{"loc":{"start":{"line":85,"column":68},"end":{"line":85,"column":105}},"type":"cond-expr","locations":[{"start":{"line":85,"column":76},"end":{"line":85,"column":88}},{"start":{"line":85,"column":91},"end":{"line":85,"column":105}}],"line":85},"25":{"loc":{"start":{"line":97,"column":13},"end":{"line":97,"column":100}},"type":"binary-expr","locations":[{"start":{"line":97,"column":13},"end":{"line":97,"column":25}},{"start":{"line":97,"column":29},"end":{"line":97,"column":100}}],"line":97},"26":{"loc":{"start":{"line":103,"column":13},"end":{"line":103,"column":112}},"type":"binary-expr","locations":[{"start":{"line":103,"column":13},"end":{"line":103,"column":31}},{"start":{"line":103,"column":35},"end":{"line":103,"column":112}}],"line":103},"27":{"loc":{"start":{"line":109,"column":13},"end":{"line":109,"column":100}},"type":"binary-expr","locations":[{"start":{"line":109,"column":13},"end":{"line":109,"column":25}},{"start":{"line":109,"column":29},"end":{"line":109,"column":100}}],"line":109},"28":{"loc":{"start":{"line":115,"column":13},"end":{"line":115,"column":110}},"type":"binary-expr","locations":[{"start":{"line":115,"column":13},"end":{"line":115,"column":30}},{"start":{"line":115,"column":34},"end":{"line":115,"column":110}}],"line":115},"29":{"loc":{"start":{"line":121,"column":13},"end":{"line":121,"column":110}},"type":"binary-expr","locations":[{"start":{"line":121,"column":13},"end":{"line":121,"column":30}},{"start":{"line":121,"column":34},"end":{"line":121,"column":110}}],"line":121},"30":{"loc":{"start":{"line":127,"column":13},"end":{"line":127,"column":122}},"type":"binary-expr","locations":[{"start":{"line":127,"column":13},"end":{"line":127,"column":36}},{"start":{"line":127,"column":40},"end":{"line":127,"column":122}}],"line":127},"31":{"loc":{"start":{"line":133,"column":13},"end":{"line":133,"column":106}},"type":"binary-expr","locations":[{"start":{"line":133,"column":13},"end":{"line":133,"column":28}},{"start":{"line":133,"column":32},"end":{"line":133,"column":106}}],"line":133},"32":{"loc":{"start":{"line":143,"column":13},"end":{"line":143,"column":102}},"type":"binary-expr","locations":[{"start":{"line":143,"column":13},"end":{"line":143,"column":26}},{"start":{"line":143,"column":30},"end":{"line":143,"column":102}}],"line":143},"33":{"loc":{"start":{"line":149,"column":13},"end":{"line":149,"column":108}},"type":"binary-expr","locations":[{"start":{"line":149,"column":13},"end":{"line":149,"column":29}},{"start":{"line":149,"column":33},"end":{"line":149,"column":108}}],"line":149},"34":{"loc":{"start":{"line":152,"column":11},"end":{"line":152,"column":142}},"type":"binary-expr","locations":[{"start":{"line":152,"column":11},"end":{"line":152,"column":25}},{"start":{"line":152,"column":29},"end":{"line":152,"column":142}}],"line":152},"35":{"loc":{"start":{"line":157,"column":15},"end":{"line":157,"column":75}},"type":"cond-expr","locations":[{"start":{"line":157,"column":22},"end":{"line":157,"column":33}},{"start":{"line":157,"column":36},"end":{"line":157,"column":75}}],"line":157},"36":{"loc":{"start":{"line":157,"column":36},"end":{"line":157,"column":75}},"type":"cond-expr","locations":[{"start":{"line":157,"column":44},"end":{"line":157,"column":58}},{"start":{"line":157,"column":61},"end":{"line":157,"column":75}}],"line":157}},"s":{"0":0,"1":0,"2":0,"3":0,"4":0,"5":0,"6":0,"7":0,"8":0,"9":0,"10":0,"11":0,"12":0,"13":0,"14":0,"15":0,"16":0,"17":0,"18":0,"19":0,"20":0,"21":0,"22":0,"23":0,"24":0,"25":0,"26":0,"27":0,"28":0,"29":0,"30":0,"31":0,"32":0,"33":0,"34":0,"35":0,"36":0,"37":0,"38":0,"39":0,"40":0,"41":0,"42":0,"43":0,"44":0,"45":0,"46":0,"47":0,"48":0,"49":0,"50":0,"51":0},"f":{"0":0,"1":0,"2":0,"3":0,"4":0,"5":0,"6":0,"7":0,"8":0,"9":0,"10":0,"11":0,"12":0,"13":0,"14":0,"15":0},"b":{"0":[0,0],"1":[0,0],"2":[0,0],"3":[0,0],"4":[0,0],"5":[0,0],"6":[0,0],"7":[0,0],"8":[0,0],"9":[0,0],"10":[0],"11":[0,0],"12":[0,0],"13":[0,0],"14":[0,0],"15":[0,0],"16":[0,0],"17":[0,0],"18":[0,0],"19":[0,0,0],"20":[0,0],"21":[0,0,0],"22":[0,0],"23":[0,0],"24":[0,0],"25":[0,0],"26":[0,0],"27":[0,0],"28":[0,0],"29":[0,0],"30":[0,0],"31":[0,0],"32":[0,0],"33":[0,0],"34":[0,0],"35":[0,0],"36":[0,0]}}
,"C:\\Users\\user\\Desktop\\EventoPlanners\\frontend\\src\\components\\Logo.jsx": {"path":"C:\\Users\\user\\Desktop\\EventoPlanners\\frontend\\src\\components\\Logo.jsx","statementMap":{"0":{"start":{"line":2,"column":2},"end":{"line":10,"column":4}}},"fnMap":{"0":{"name":"Logo","decl":{"start":{"line":1,"column":24},"end":{"line":1,"column":28}},"loc":{"start":{"line":1,"column":50},"end":{"line":11,"column":1}},"line":1}},"branchMap":{"0":{"loc":{"start":{"line":1,"column":31},"end":{"line":1,"column":46}},"type":"default-arg","locations":[{"start":{"line":1,"column":41},"end":{"line":1,"column":46}}],"line":1},"1":{"loc":{"start":{"line":3,"column":50},"end":{"line":3,"column":75}},"type":"cond-expr","locations":[{"start":{"line":3,"column":60},"end":{"line":3,"column":66}},{"start":{"line":3,"column":69},"end":{"line":3,"column":75}}],"line":3}},"s":{"0":0},"f":{"0":0},"b":{"0":[0],"1":[0,0]}}
,"C:\\Users\\user\\Desktop\\EventoPlanners\\frontend\\src\\components\\ProtectedRoute.jsx": {"path":"C:\\Users\\user\\Desktop\\EventoPlanners\\frontend\\src\\components\\ProtectedRoute.jsx","statementMap":{"0":{"start":{"line":5,"column":30},"end":{"line":5,"column":39}},"1":{"start":{"line":6,"column":19},"end":{"line":6,"column":32}},"2":{"start":{"line":8,"column":2},"end":{"line":14,"column":3}},"3":{"start":{"line":9,"column":4},"end":{"line":13,"column":6}},"4":{"start":{"line":16,"column":2},"end":{"line":18,"column":3}},"5":{"start":{"line":17,"column":4},"end":{"line":17,"column":80}},"6":{"start":{"line":20,"column":2},"end":{"line":23,"column":3}},"7":{"start":{"line":21,"column":24},"end":{"line":21,"column":86}},"8":{"start":{"line":22,"column":4},"end":{"line":22,"column":49}},"9":{"start":{"line":25,"column":2},"end":{"line":25,"column":18}}},"fnMap":{"0":{"name":"ProtectedRoute","decl":{"start":{"line":4,"column":24},"end":{"line":4,"column":38}},"loc":{"start":{"line":4,"column":65},"end":{"line":26,"column":1}},"line":4}},"branchMap":{"0":{"loc":{"start":{"line":4,"column":51},"end":{"line":4,"column":61}},"type":"default-arg","locations":[{"start":{"line":4,"column":59},"end":{"line":4,"column":61}}],"line":4},"1":{"loc":{"start":{"line":8,"column":2},"end":{"line":14,"column":3}},"type":"if","locations":[{"start":{"line":8,"column":2},"end":{"line":14,"column":3}},{"start":{},"end":{}}],"line":8},"2":{"loc":{"start":{"line":16,"column":2},"end":{"line":18,"column":3}},"type":"if","locations":[{"start":{"line":16,"column":2},"end":{"line":18,"column":3}},{"start":{},"end":{}}],"line":16},"3":{"loc":{"start":{"line":20,"column":2},"end":{"line":23,"column":3}},"type":"if","locations":[{"start":{"line":20,"column":2},"end":{"line":23,"column":3}},{"start":{},"end":{}}],"line":20},"4":{"loc":{"start":{"line":20,"column":6},"end":{"line":20,"column":52}},"type":"binary-expr","locations":[{"start":{"line":20,"column":6},"end":{"line":20,"column":22}},{"start":{"line":20,"column":26},"end":{"line":20,"column":52}}],"line":20},"5":{"loc":{"start":{"line":21,"column":24},"end":{"line":21,"column":86}},"type":"cond-expr","locations":[{"start":{"line":21,"column":48},"end":{"line":21,"column":66}},{"start":{"line":21,"column":69},"end":{"line":21,"column":86}}],"line":21}},"s":{"0":5,"1":5,"2":5,"3":1,"4":4,"5":1,"6":3,"7":1,"8":1,"9":2},"f":{"0":5},"b":{"0":[0],"1":[1,4],"2":[1,3],"3":[1,2],"4":[3,3],"5":[0,1]},"_coverageSchema":"1a1c01bbd47fc00a2c39e90264f33305004495a9","hash":"d4f81b13235d578e6b9c8283584aa37bfa6ae013"}
,"C:\\Users\\user\\Desktop\\EventoPlanners\\frontend\\src\\components\\UserEventDetails.jsx": {"path":"C:\\Users\\user\\Desktop\\EventoPlanners\\frontend\\src\\components\\UserEventDetails.jsx","statementMap":{"0":{"start":{"line":6,"column":2},"end":{"line":6,"column":25}},"1":{"start":{"line":6,"column":14},"end":{"line":6,"column":25}},"2":{"start":{"line":7,"column":2},"end":{"line":9,"column":4}},"3":{"start":{"line":13,"column":2},"end":{"line":13,"column":25}},"4":{"start":{"line":13,"column":14},"end":{"line":13,"column":25}},"5":{"start":{"line":14,"column":2},"end":{"line":14,"column":35}},"6":{"start":{"line":18,"column":38},"end":{"line":18,"column":53}},"7":{"start":{"line":19,"column":32},"end":{"line":19,"column":44}},"8":{"start":{"line":20,"column":28},"end":{"line":20,"column":40}},"9":{"start":{"line":22,"column":2},"end":{"line":26,"column":18}},"10":{"start":{"line":23,"column":4},"end":{"line":23,"column":25}},"11":{"start":{"line":24,"column":4},"end":{"line":24,"column":19}},"12":{"start":{"line":25,"column":4},"end":{"line":25,"column":17}},"13":{"start":{"line":28,"column":2},"end":{"line":28,"column":26}},"14":{"start":{"line":28,"column":14},"end":{"line":28,"column":26}},"15":{"start":{"line":30,"column":28},"end":{"line":30,"column":65}},"16":{"start":{"line":31,"column":26},"end":{"line":31,"column":81}},"17":{"start":{"line":32,"column":17},"end":{"line":32,"column":37}},"18":{"start":{"line":34,"column":27},"end":{"line":48,"column":3}},"19":{"start":{"line":35,"column":4},"end":{"line":35,"column":24}},"20":{"start":{"line":36,"column":4},"end":{"line":36,"column":19}},"21":{"start":{"line":37,"column":4},"end":{"line":37,"column":17}},"22":{"start":{"line":39,"column":4},"end":{"line":47,"column":5}},"23":{"start":{"line":40,"column":23},"end":{"line":40,"column":79}},"24":{"start":{"line":41,"column":6},"end":{"line":41,"column":69}},"25":{"start":{"line":42,"column":6},"end":{"line":42,"column":49}},"26":{"start":{"line":44,"column":6},"end":{"line":44,"column":93}},"27":{"start":{"line":46,"column":6},"end":{"line":46,"column":27}},"28":{"start":{"line":50,"column":2},"end":{"line":95,"column":4}},"29":{"start":{"line":54,"column":113},"end":{"line":54,"column":152}}},"fnMap":{"0":{"name":"formatDate","decl":{"start":{"line":5,"column":9},"end":{"line":5,"column":19}},"loc":{"start":{"line":5,"column":27},"end":{"line":10,"column":1}},"line":5},"1":{"name":"formatTime","decl":{"start":{"line":12,"column":9},"end":{"line":12,"column":19}},"loc":{"start":{"line":12,"column":27},"end":{"line":15,"column":1}},"line":12},"2":{"name":"UserEventDetails","decl":{"start":{"line":17,"column":24},"end":{"line":17,"column":40}},"loc":{"start":{"line":17,"column":75},"end":{"line":96,"column":1}},"line":17},"3":{"name":"(anonymous_3)","decl":{"start":{"line":22,"column":12},"end":{"line":22,"column":13}},"loc":{"start":{"line":22,"column":18},"end":{"line":26,"column":3}},"line":22},"4":{"name":"(anonymous_4)","decl":{"start":{"line":34,"column":27},"end":{"line":34,"column":28}},"loc":{"start":{"line":34,"column":39},"end":{"line":48,"column":3}},"line":34},"5":{"name":"(anonymous_5)","decl":{"start":{"line":54,"column":104},"end":{"line":54,"column":105}},"loc":{"start":{"line":54,"column":111},"end":{"line":54,"column":154}},"line":54}},"branchMap":{"0":{"loc":{"start":{"line":6,"column":2},"end":{"line":6,"column":25}},"type":"if","locations":[{"start":{"line":6,"column":2},"end":{"line":6,"column":25}},{"start":{},"end":{}}],"line":6},"1":{"loc":{"start":{"line":13,"column":2},"end":{"line":13,"column":25}},"type":"if","locations":[{"start":{"line":13,"column":2},"end":{"line":13,"column":25}},{"start":{},"end":{}}],"line":13},"2":{"loc":{"start":{"line":28,"column":2},"end":{"line":28,"column":26}},"type":"if","locations":[{"start":{"line":28,"column":2},"end":{"line":28,"column":26}},{"start":{},"end":{}}],"line":28},"3":{"loc":{"start":{"line":30,"column":35},"end":{"line":30,"column":64}},"type":"binary-expr","locations":[{"start":{"line":30,"column":35},"end":{"line":30,"column":59}},{"start":{"line":30,"column":63},"end":{"line":30,"column":64}}],"line":30},"4":{"loc":{"start":{"line":41,"column":17},"end":{"line":41,"column":67}},"type":"binary-expr","locations":[{"start":{"line":41,"column":17},"end":{"line":41,"column":38}},{"start":{"line":41,"column":42},"end":{"line":41,"column":67}}],"line":41},"5":{"loc":{"start":{"line":44,"column":15},"end":{"line":44,"column":91}},"type":"binary-expr","locations":[{"start":{"line":44,"column":15},"end":{"line":44,"column":51}},{"start":{"line":44,"column":55},"end":{"line":44,"column":91}}],"line":44},"6":{"loc":{"start":{"line":53,"column":9},"end":{"line":57,"column":9}},"type":"cond-expr","locations":[{"start":{"line":54,"column":10},"end":{"line":54,"column":158}},{"start":{"line":56,"column":10},"end":{"line":56,"column":190}}],"line":53},"7":{"loc":{"start":{"line":73,"column":234},"end":{"line":73,"column":331}},"type":"cond-expr","locations":[{"start":{"line":73,"column":273},"end":{"line":73,"column":279}},{"start":{"line":73,"column":282},"end":{"line":73,"column":331}}],"line":73},"8":{"loc":{"start":{"line":77,"column":11},"end":{"line":77,"column":148}},"type":"binary-expr","locations":[{"start":{"line":77,"column":11},"end":{"line":77,"column":18}},{"start":{"line":77,"column":22},"end":{"line":77,"column":148}}],"line":77},"9":{"loc":{"start":{"line":78,"column":11},"end":{"line":78,"column":138}},"type":"binary-expr","locations":[{"start":{"line":78,"column":11},"end":{"line":78,"column":16}},{"start":{"line":78,"column":20},"end":{"line":78,"column":138}}],"line":78},"10":{"loc":{"start":{"line":83,"column":22},"end":{"line":83,"column":62}},"type":"binary-expr","locations":[{"start":{"line":83,"column":22},"end":{"line":83,"column":32}},{"start":{"line":83,"column":36},"end":{"line":83,"column":42}},{"start":{"line":83,"column":46},"end":{"line":83,"column":62}}],"line":83},"11":{"loc":{"start":{"line":87,"column":13},"end":{"line":87,"column":175}},"type":"cond-expr","locations":[{"start":{"line":87,"column":26},"end":{"line":87,"column":42}},{"start":{"line":87,"column":45},"end":{"line":87,"column":175}}],"line":87},"12":{"loc":{"start":{"line":87,"column":45},"end":{"line":87,"column":175}},"type":"cond-expr","locations":[{"start":{"line":87,"column":54},"end":{"line":87,"column":66}},{"start":{"line":87,"column":69},"end":{"line":87,"column":175}}],"line":87},"13":{"loc":{"start":{"line":87,"column":69},"end":{"line":87,"column":175}},"type":"cond-expr","locations":[{"start":{"line":87,"column":79},"end":{"line":87,"column":91}},{"start":{"line":87,"column":94},"end":{"line":87,"column":175}}],"line":87},"14":{"loc":{"start":{"line":87,"column":94},"end":{"line":87,"column":175}},"type":"cond-expr","locations":[{"start":{"line":87,"column":133},"end":{"line":87,"column":152}},{"start":{"line":87,"column":155},"end":{"line":87,"column":175}}],"line":87},"15":{"loc":{"start":{"line":89,"column":11},"end":{"line":91,"column":11}},"type":"binary-expr","locations":[{"start":{"line":89,"column":11},"end":{"line":89,"column":45}},{"start":{"line":89,"column":49},"end":{"line":89,"column":57}},{"start":{"line":89,"column":61},"end":{"line":89,"column":68}},{"start":{"line":90,"column":12},"end":{"line":90,"column":173}}],"line":89}},"s":{"0":0,"1":0,"2":0,"3":0,"4":0,"5":0,"6":0,"7":0,"8":0,"9":0,"10":0,"11":0,"12":0,"13":0,"14":0,"15":0,"16":0,"17":0,"18":0,"19":0,"20":0,"21":0,"22":0,"23":0,"24":0,"25":0,"26":0,"27":0,"28":0,"29":0},"f":{"0":0,"1":0,"2":0,"3":0,"4":0,"5":0},"b":{"0":[0,0],"1":[0,0],"2":[0,0],"3":[0,0],"4":[0,0],"5":[0,0],"6":[0,0],"7":[0,0],"8":[0,0],"9":[0,0],"10":[0,0,0],"11":[0,0],"12":[0,0],"13":[0,0],"14":[0,0],"15":[0,0,0,0]}}
}
