TN:
SF:src\components\ConfirmDialog.jsx
FN:3,ConfirmDialog
FNF:1
FNH:0
FNDA:0,ConfirmDialog
DA:13,0
DA:15,0
LF:2
LH:0
BRDA:7,0,0,0
BRDA:8,1,0,0
BRDA:9,2,0,0
BRDA:13,3,0,0
BRDA:13,3,1,0
BRDA:36,4,0,0
BRDA:36,4,1,0
BRDA:38,5,0,0
BRDA:38,5,1,0
BRF:9
BRH:0
end_of_record
TN:
SF:src\components\EventFormModal.jsx
FN:16,toForm
FN:31,EventFormModal
FN:35,(anonymous_2)
FN:44,(anonymous_3)
FN:44,(anonymous_4)
FN:46,(anonymous_5)
FN:64,(anonymous_6)
FN:96,(anonymous_7)
FN:102,(anonymous_8)
FN:108,(anonymous_9)
FN:114,(anonymous_10)
FN:120,(anonymous_11)
FN:126,(anonymous_12)
FN:132,(anonymous_13)
FN:138,(anonymous_14)
FN:148,(anonymous_15)
FNF:16
FNH:0
FNDA:0,toForm
FNDA:0,EventFormModal
FNDA:0,(anonymous_2)
FNDA:0,(anonymous_3)
FNDA:0,(anonymous_4)
FNDA:0,(anonymous_5)
FNDA:0,(anonymous_6)
FNDA:0,(anonymous_7)
FNDA:0,(anonymous_8)
FNDA:0,(anonymous_9)
FNDA:0,(anonymous_10)
FNDA:0,(anonymous_11)
FNDA:0,(anonymous_12)
FNDA:0,(anonymous_13)
FNDA:0,(anonymous_14)
FNDA:0,(anonymous_15)
DA:4,0
DA:17,0
DA:18,0
DA:32,0
DA:33,0
DA:35,0
DA:36,0
DA:37,0
DA:38,0
DA:42,0
DA:44,0
DA:46,0
DA:47,0
DA:48,0
DA:49,0
DA:50,0
DA:51,0
DA:52,0
DA:54,0
DA:55,0
DA:57,0
DA:58,0
DA:60,0
DA:61,0
DA:64,0
DA:65,0
DA:66,0
DA:68,0
DA:76,0
DA:77,0
DA:79,0
DA:96,0
DA:102,0
DA:108,0
DA:114,0
DA:120,0
DA:126,0
DA:132,0
DA:138,0
DA:148,0
LF:40
LH:0
BRDA:17,0,0,0
BRDA:17,0,1,0
BRDA:19,1,0,0
BRDA:19,1,1,0
BRDA:20,2,0,0
BRDA:20,2,1,0
BRDA:21,3,0,0
BRDA:21,3,1,0
BRDA:22,4,0,0
BRDA:22,4,1,0
BRDA:23,5,0,0
BRDA:23,5,1,0
BRDA:24,6,0,0
BRDA:24,6,1,0
BRDA:25,7,0,0
BRDA:25,7,1,0
BRDA:26,8,0,0
BRDA:26,8,1,0
BRDA:27,9,0,0
BRDA:27,9,1,0
BRDA:31,10,0,0
BRDA:36,11,0,0
BRDA:36,11,1,0
BRDA:42,12,0,0
BRDA:42,12,1,0
BRDA:48,13,0,0
BRDA:48,13,1,0
BRDA:49,14,0,0
BRDA:49,14,1,0
BRDA:50,15,0,0
BRDA:50,15,1,0
BRDA:51,16,0,0
BRDA:51,16,1,0
BRDA:52,17,0,0
BRDA:52,17,1,0
BRDA:55,18,0,0
BRDA:55,18,1,0
BRDA:55,19,0,0
BRDA:55,19,1,0
BRDA:55,19,2,0
BRDA:58,20,0,0
BRDA:58,20,1,0
BRDA:58,21,0,0
BRDA:58,21,1,0
BRDA:58,21,2,0
BRDA:66,22,0,0
BRDA:66,22,1,0
BRDA:72,23,0,0
BRDA:72,23,1,0
BRDA:85,24,0,0
BRDA:85,24,1,0
BRDA:97,25,0,0
BRDA:97,25,1,0
BRDA:103,26,0,0
BRDA:103,26,1,0
BRDA:109,27,0,0
BRDA:109,27,1,0
BRDA:115,28,0,0
BRDA:115,28,1,0
BRDA:121,29,0,0
BRDA:121,29,1,0
BRDA:127,30,0,0
BRDA:127,30,1,0
BRDA:133,31,0,0
BRDA:133,31,1,0
BRDA:143,32,0,0
BRDA:143,32,1,0
BRDA:149,33,0,0
BRDA:149,33,1,0
BRDA:152,34,0,0
BRDA:152,34,1,0
BRDA:157,35,0,0
BRDA:157,35,1,0
BRDA:157,36,0,0
BRDA:157,36,1,0
BRF:75
BRH:0
end_of_record
TN:
SF:src\components\Logo.jsx
FN:1,Logo
FNF:1
FNH:0
FNDA:0,Logo
DA:2,0
LF:1
LH:0
BRDA:1,0,0,0
BRDA:3,1,0,0
BRDA:3,1,1,0
BRF:3
BRH:0
end_of_record
TN:
SF:src\components\ProtectedRoute.jsx
FN:4,ProtectedRoute
FNF:1
FNH:1
FNDA:5,ProtectedRoute
DA:5,5
DA:6,5
DA:8,5
DA:9,1
DA:16,4
DA:17,1
DA:20,3
DA:21,1
DA:22,1
DA:25,2
LF:10
LH:10
BRDA:4,0,0,0
BRDA:8,1,0,1
BRDA:8,1,1,4
BRDA:16,2,0,1
BRDA:16,2,1,3
BRDA:20,3,0,1
BRDA:20,3,1,2
BRDA:20,4,0,3
BRDA:20,4,1,3
BRDA:21,5,0,0
BRDA:21,5,1,1
BRF:11
BRH:9
end_of_record
TN:
SF:src\components\UserEventDetails.jsx
FN:5,formatDate
FN:12,formatTime
FN:17,UserEventDetails
FN:22,(anonymous_3)
FN:34,(anonymous_4)
FN:54,(anonymous_5)
FNF:6
FNH:0
FNDA:0,formatDate
FNDA:0,formatTime
FNDA:0,UserEventDetails
FNDA:0,(anonymous_3)
FNDA:0,(anonymous_4)
FNDA:0,(anonymous_5)
DA:6,0
DA:7,0
DA:13,0
DA:14,0
DA:18,0
DA:19,0
DA:20,0
DA:22,0
DA:23,0
DA:24,0
DA:25,0
DA:28,0
DA:30,0
DA:31,0
DA:32,0
DA:34,0
DA:35,0
DA:36,0
DA:37,0
DA:39,0
DA:40,0
DA:41,0
DA:42,0
DA:44,0
DA:46,0
DA:50,0
DA:54,0
LF:27
LH:0
BRDA:6,0,0,0
BRDA:6,0,1,0
BRDA:13,1,0,0
BRDA:13,1,1,0
BRDA:28,2,0,0
BRDA:28,2,1,0
BRDA:30,3,0,0
BRDA:30,3,1,0
BRDA:41,4,0,0
BRDA:41,4,1,0
BRDA:44,5,0,0
BRDA:44,5,1,0
BRDA:53,6,0,0
BRDA:53,6,1,0
BRDA:73,7,0,0
BRDA:73,7,1,0
BRDA:77,8,0,0
BRDA:77,8,1,0
BRDA:78,9,0,0
BRDA:78,9,1,0
BRDA:83,10,0,0
BRDA:83,10,1,0
BRDA:83,10,2,0
BRDA:87,11,0,0
BRDA:87,11,1,0
BRDA:87,12,0,0
BRDA:87,12,1,0
BRDA:87,13,0,0
BRDA:87,13,1,0
BRDA:87,14,0,0
BRDA:87,14,1,0
BRDA:89,15,0,0
BRDA:89,15,1,0
BRDA:89,15,2,0
BRDA:89,15,3,0
BRF:35
BRH:0
end_of_record
